mode: set
github.com/kkovac1/products/service/auth/password.go:5.52,8.16 2 0
github.com/kkovac1/products/service/auth/password.go:8.16,10.3 1 0
github.com/kkovac1/products/service/auth/password.go:12.2,12.26 1 0
github.com/kkovac1/products/config/env.go:21.26,31.2 2 0
github.com/kkovac1/products/config/env.go:33.42,34.48 1 0
github.com/kkovac1/products/config/env.go:34.48,36.3 1 0
github.com/kkovac1/products/config/env.go:37.2,37.17 1 0
github.com/kkovac1/products/cmd/api/api.go:17.58,22.2 1 0
github.com/kkovac1/products/cmd/api/api.go:24.38,34.2 7 0
github.com/kkovac1/products/cmd/main.go:14.13,25.16 2 0
github.com/kkovac1/products/cmd/main.go:25.16,27.3 1 0
github.com/kkovac1/products/cmd/main.go:29.2,32.37 3 0
github.com/kkovac1/products/cmd/main.go:32.37,34.3 1 0
github.com/kkovac1/products/cmd/main.go:37.30,39.16 2 0
github.com/kkovac1/products/cmd/main.go:39.16,41.3 1 0
github.com/kkovac1/products/cmd/main.go:43.2,43.44 1 0
github.com/kkovac1/products/db/db.go:10.57,12.16 2 0
github.com/kkovac1/products/db/db.go:12.16,15.3 2 0
github.com/kkovac1/products/db/db.go:17.2,17.16 1 0
github.com/kkovac1/products/utils/utils.go:13.52,14.19 1 0
github.com/kkovac1/products/utils/utils.go:14.19,16.3 1 0
github.com/kkovac1/products/utils/utils.go:17.2,17.48 1 0
github.com/kkovac1/products/utils/utils.go:20.70,24.2 3 0
github.com/kkovac1/products/utils/utils.go:26.63,28.2 1 0
github.com/kkovac1/products/service/user/routes.go:18.49,20.2 1 1
github.com/kkovac1/products/service/user/routes.go:22.54,25.2 2 0
github.com/kkovac1/products/service/user/routes.go:27.72,29.2 0 0
github.com/kkovac1/products/service/user/routes.go:31.74,34.53 2 1
github.com/kkovac1/products/service/user/routes.go:34.53,36.3 1 0
github.com/kkovac1/products/service/user/routes.go:39.2,39.55 1 1
github.com/kkovac1/products/service/user/routes.go:39.55,43.3 3 1
github.com/kkovac1/products/service/user/routes.go:46.2,47.16 2 0
github.com/kkovac1/products/service/user/routes.go:47.16,50.3 2 0
github.com/kkovac1/products/service/user/routes.go:52.2,53.16 2 0
github.com/kkovac1/products/service/user/routes.go:53.16,56.3 2 0
github.com/kkovac1/products/service/user/routes.go:58.2,65.16 2 0
github.com/kkovac1/products/service/user/routes.go:65.16,68.3 2 0
github.com/kkovac1/products/service/user/routes.go:70.2,70.45 1 0
github.com/kkovac1/products/service/user/store.go:14.34,16.2 1 0
github.com/kkovac1/products/service/user/store.go:18.67,20.16 2 0
github.com/kkovac1/products/service/user/store.go:20.16,22.3 1 0
github.com/kkovac1/products/service/user/store.go:24.2,26.18 2 0
github.com/kkovac1/products/service/user/store.go:26.18,28.17 2 0
github.com/kkovac1/products/service/user/store.go:28.17,30.4 1 0
github.com/kkovac1/products/service/user/store.go:32.3,32.16 1 0
github.com/kkovac1/products/service/user/store.go:32.16,34.4 1 0
github.com/kkovac1/products/service/user/store.go:37.2,37.15 1 0
github.com/kkovac1/products/service/user/store.go:40.58,42.2 1 0
github.com/kkovac1/products/service/user/store.go:44.51,46.2 1 0
github.com/kkovac1/products/service/user/store.go:48.59,57.16 2 0
github.com/kkovac1/products/service/user/store.go:57.16,59.3 1 0
github.com/kkovac1/products/service/user/store.go:61.2,61.18 1 0
